1552762418.378866 client started (58574): version 2.8, socket /private/tmp/tmux-501/default, protocol 8
1552762418.378926 on Darwin 18.2.0 Darwin Kernel Version 18.2.0: Thu Dec 20 20:46:53 PST 2018; root:xnu-4903.241.1~1/RELEASE_X86_64; libevent 2.1.8-stable (select)
1552762418.378983 socket is /private/tmp/tmux-501/default
1552762418.379010 trying connect
1552762418.379116 add peer 0x7fa336001000: 6 (0x0)
1552762418.380686 sending message 100 to peer 0x7fa336001000 (4 bytes)
1552762418.380710 sending message 101 to peer 0x7fa336001000 (16 bytes)
1552762418.380721 sending message 102 to peer 0x7fa336001000 (13 bytes)
1552762418.380731 sending message 108 to peer 0x7fa336001000 (79 bytes)
1552762418.380752 sending message 104 to peer 0x7fa336001000 (0 bytes)
1552762418.380762 sending message 107 to peer 0x7fa336001000 (4 bytes)
1552762418.380772 sending message 105 to peer 0x7fa336001000 (72 bytes)
1552762418.380782 sending message 105 to peer 0x7fa336001000 (76 bytes)
1552762418.380791 sending message 105 to peer 0x7fa336001000 (15 bytes)
1552762418.380801 sending message 105 to peer 0x7fa336001000 (20 bytes)
1552762418.380811 sending message 105 to peer 0x7fa336001000 (22 bytes)
1552762418.380821 sending message 105 to peer 0x7fa336001000 (24 bytes)
1552762418.380830 sending message 105 to peer 0x7fa336001000 (22 bytes)
1552762418.380840 sending message 105 to peer 0x7fa336001000 (61 bytes)
1552762418.380849 sending message 105 to peer 0x7fa336001000 (17 bytes)
1552762418.380859 sending message 105 to peer 0x7fa336001000 (8 bytes)
1552762418.380868 sending message 105 to peer 0x7fa336001000 (20 bytes)
1552762418.380878 sending message 105 to peer 0x7fa336001000 (32 bytes)
1552762418.380887 sending message 105 to peer 0x7fa336001000 (16 bytes)
1552762418.380897 sending message 105 to peer 0x7fa336001000 (32 bytes)
1552762418.380906 sending message 105 to peer 0x7fa336001000 (16 bytes)
1552762418.380916 sending message 105 to peer 0x7fa336001000 (86 bytes)
1552762418.380925 sending message 105 to peer 0x7fa336001000 (11 bytes)
1552762418.380935 sending message 105 to peer 0x7fa336001000 (448 bytes)
1552762418.380945 sending message 105 to peer 0x7fa336001000 (83 bytes)
1552762418.380954 sending message 105 to peer 0x7fa336001000 (24 bytes)
1552762418.380964 sending message 105 to peer 0x7fa336001000 (15 bytes)
1552762418.380974 sending message 105 to peer 0x7fa336001000 (8 bytes)
1552762418.380983 sending message 105 to peer 0x7fa336001000 (66 bytes)
1552762418.380993 sending message 105 to peer 0x7fa336001000 (21 bytes)
1552762418.381002 sending message 105 to peer 0x7fa336001000 (23 bytes)
1552762418.381012 sending message 105 to peer 0x7fa336001000 (27 bytes)
1552762418.381022 sending message 105 to peer 0x7fa336001000 (60 bytes)
1552762418.381031 sending message 105 to peer 0x7fa336001000 (57 bytes)
1552762418.381041 sending message 105 to peer 0x7fa336001000 (42 bytes)
1552762418.381050 sending message 105 to peer 0x7fa336001000 (14 bytes)
1552762418.381060 sending message 105 to peer 0x7fa336001000 (59 bytes)
1552762418.381070 sending message 105 to peer 0x7fa336001000 (17 bytes)
1552762418.381079 sending message 105 to peer 0x7fa336001000 (14 bytes)
1552762418.381089 sending message 105 to peer 0x7fa336001000 (19 bytes)
1552762418.381099 sending message 105 to peer 0x7fa336001000 (34 bytes)
1552762418.381108 sending message 105 to peer 0x7fa336001000 (34 bytes)
1552762418.381118 sending message 105 to peer 0x7fa336001000 (15 bytes)
1552762418.381127 sending message 105 to peer 0x7fa336001000 (22 bytes)
1552762418.381137 sending message 106 to peer 0x7fa336001000 (0 bytes)
1552762418.381150 sending message 200 to peer 0x7fa336001000 (4 bytes)
1552762418.381161 client loop enter
1552762418.381533 peer 0x7fa336001000 message 211
1552762418.381558 client_write: sessions should be nested with care, unset $TMUX to force\n
1552762418.381588 peer 0x7fa336001000 message 203
1552762418.381600 client loop exit
